<?xml version="1.0" encoding="UTF-8"?>
<testsuite name="com.dws.challenge.TransferControllerTest" tests="1" skipped="0" failures="0" errors="0" timestamp="2024-10-01T14:43:08" hostname="LAPTOP-NR4BPPT8" time="0.889">
  <properties/>
  <testcase name="testNegativeBalanceTransfer()" classname="com.dws.challenge.TransferControllerTest" time="0.889"/>
  <system-out><![CDATA[20:13:06.870 [Test worker] INFO org.springframework.test.context.support.AnnotationConfigContextLoaderUtils -- Could not detect default configuration classes for test class [com.dws.challenge.TransferControllerTest]: TransferControllerTest does not declare any static, non-private, non-final, nested classes annotated with @Configuration.
20:13:06.953 [Test worker] INFO org.springframework.boot.test.context.SpringBootTestContextBootstrapper -- Found @SpringBootConfiguration com.dws.challenge.ChallengeApplication for test class com.dws.challenge.TransferControllerTest

  .   ____          _            __ _ _
 /\\ / ___'_ __ _ _(_)_ __  __ _ \ \ \ \
( ( )\___ | '_ | '_| | '_ \/ _` | \ \ \ \
 \\/  ___)| |_)| | | | | || (_| |  ) ) ) )
  '  |____| .__|_| |_|_| |_\__, | / / / /
 =========|_|==============|___/=/_/_/_/

 :: Spring Boot ::                (v3.3.4)

2024-10-01T20:13:07.236+05:30  INFO 39940 --- [    Test worker] c.dws.challenge.TransferControllerTest   : Starting TransferControllerTest using Java 17.0.11 with PID 39940 (started by Rahul in D:\challenge)
2024-10-01T20:13:07.237+05:30  INFO 39940 --- [    Test worker] c.dws.challenge.TransferControllerTest   : No active profile set, falling back to 1 default profile: "default"
2024-10-01T20:13:07.999+05:30  INFO 39940 --- [    Test worker] o.s.b.w.embedded.tomcat.TomcatWebServer  : Tomcat initialized with port 0 (http)
2024-10-01T20:13:08.009+05:30  INFO 39940 --- [    Test worker] o.apache.catalina.core.StandardService   : Starting service [Tomcat]
2024-10-01T20:13:08.009+05:30  INFO 39940 --- [    Test worker] o.apache.catalina.core.StandardEngine    : Starting Servlet engine: [Apache Tomcat/10.1.30]
2024-10-01T20:13:08.058+05:30  INFO 39940 --- [    Test worker] o.a.c.c.C.[Tomcat].[localhost].[/]       : Initializing Spring embedded WebApplicationContext
2024-10-01T20:13:08.060+05:30  INFO 39940 --- [    Test worker] w.s.c.ServletWebServerApplicationContext : Root WebApplicationContext: initialization completed in 808 ms
2024-10-01T20:13:08.398+05:30  INFO 39940 --- [    Test worker] o.a.c.c.C.[Tomcat].[localhost].[/]       : Initializing Spring TestDispatcherServlet ''
2024-10-01T20:13:08.398+05:30  INFO 39940 --- [    Test worker] o.s.t.web.servlet.TestDispatcherServlet  : Initializing Servlet ''
2024-10-01T20:13:08.399+05:30  INFO 39940 --- [    Test worker] o.s.t.web.servlet.TestDispatcherServlet  : Completed initialization in 1 ms
2024-10-01T20:13:08.442+05:30  INFO 39940 --- [    Test worker] o.s.b.w.embedded.tomcat.TomcatWebServer  : Tomcat started on port 58421 (http) with context path '/'
2024-10-01T20:13:08.450+05:30  INFO 39940 --- [    Test worker] c.dws.challenge.TransferControllerTest   : Started TransferControllerTest in 1.405 seconds (process running for 2.262)
2024-10-01T20:13:09.281+05:30  INFO 39940 --- [    Test worker] c.dws.challenge.web.AccountsController   : Creating account Account(accountId=1, balance=100)
2024-10-01T20:13:09.296+05:30  INFO 39940 --- [    Test worker] c.dws.challenge.web.AccountsController   : Creating account Account(accountId=2, balance=100)
]]></system-out>
  <system-err><![CDATA[]]></system-err>
</testsuite>
